waiting to take filesystem lock on /home/szymon/vcpkg/.vcpkg-root...
Detecting compiler hash for triplet x64-linux...
Compiler found: /usr/bin/c++
All requested packages are currently installed.
Total install time: 114 us
curl is compatible with built-in CMake targets:

    find_package(CURL REQUIRED)
    target_link_libraries(main PRIVATE CURL::libcurl)

glad provides CMake targets:

  # this is heuristically generated, and may not be correct
  find_package(glad CONFIG REQUIRED)
  target_link_libraries(main PRIVATE glad::glad)

glfw3 provides CMake targets:

  # this is heuristically generated, and may not be correct
  find_package(glfw3 CONFIG REQUIRED)
  target_link_libraries(main PRIVATE glfw)

glfw3 provides pkg-config modules:

  # A multi-platform library for OpenGL, window and input
  glfw3

The package gtest is compatible with built-in CMake targets:

    enable_testing()
    
    find_package(GTest CONFIG REQUIRED)
    target_link_libraries(main PRIVATE GTest::gtest GTest::gtest_main GTest::gmock GTest::gmock_main)
    
    add_test(AllTestsInMain main)

imgui provides CMake targets:

  # this is heuristically generated, and may not be correct
  find_package(imgui CONFIG REQUIRED)
  target_link_libraries(main PRIVATE imgui::imgui)

implot provides CMake targets:

  # this is heuristically generated, and may not be correct
  find_package(implot CONFIG REQUIRED)
  target_link_libraries(main PRIVATE implot::implot)

The package nlohmann-json provides CMake targets:

    find_package(nlohmann_json CONFIG REQUIRED)
    target_link_libraries(main PRIVATE nlohmann_json::nlohmann_json)

The package nlohmann-json can be configured to not provide implicit conversions via a custom triplet file:

    set(nlohmann-json_IMPLICIT_CONVERSIONS OFF)

For more information, see the docs here:
    
    https://json.nlohmann.me/api/macros/json_use_implicit_conversions/

